local step : 12.97311
L1 : 0.18117399999999745
L2 : 3.033478000000001
L3 : 1.2708280000000012
L4 : 1.6122830000000019
L5 : 0.2608360000000074
L6 : 1.7568650000000055
L7 : 3.4461949999999995
global step : 18.939357999999999
local step : 12.807649
L1 : 0.17396799999999737
L2 : 2.9902809999999946
L3 : 1.2669310000000029
L4 : 1.5867259999999983
L5 : 0.25947900000000734
L6 : 1.7185890000000037
L7 : 3.3930990000000048
global step : 18.811053000000001
local step : 13.114686000000001
L1 : 0.17619099999999746
L2 : 3.0827999999999971
L3 : 1.2763150000000003
L4 : 1.6088639999999963
L5 : 0.26459800000000622
L6 : 1.7548140000000034
L7 : 3.513806999999995
global step : 19.160418
local step : 13.107012000000001
L1 : 0.17641299999999835
L2 : 3.0726079999999945
L3 : 1.2752710000000038
L4 : 1.647621000000002
L5 : 0.26461100000000598
L6 : 1.7641490000000002
L7 : 3.4720960000000005
global step : 19.060519000000003
local step : 15.409597
L1 : 0.21347799999999953
L2 : 3.7090569999999956
L3 : 1.4907180000000031
L4 : 1.8398429999999983
L5 : 0.30732000000000503
L6 : 2.0970639999999996
L7 : 4.1749389999999877
global step : 22.661355000000004
local step : 12.888041000000001
L1 : 0.17299699999999749
L2 : 3.0066629999999983
L3 : 1.2607740000000061
L4 : 1.5765070000000003
L5 : 0.25917400000000745
L6 : 1.7595549999999971
L7 : 3.4292580000000012
global step : 18.842539000000002
local step : 14.126956999999997
L1 : 0.199101999999998
L2 : 3.3580189999999943
L3 : 1.3716510000000031
L4 : 1.7138279999999979
L5 : 0.28482300000000249
L6 : 1.9489900000000009
L7 : 3.7748089999999994
global step : 21.253858000000001
local step : 12.807983999999999
L1 : 0.17414699999999786
L2 : 3.0109919999999981
L3 : 1.2455960000000001
L4 : 1.6071340000000007
L5 : 0.25895300000000732
L6 : 1.7255540000000003
L7 : 3.3654899999999994
global step : 18.895937999999997
local step : 13.994234999999998
L1 : 0.1952359999999983
L2 : 3.3176209999999937
L3 : 1.3724490000000025
L4 : 1.7071890000000003
L5 : 0.28205400000000369
L6 : 1.9179790000000025
L7 : 3.7244470000000045
global step : 21.258436000000007
local step : 12.254091999999998
L1 : 0.16538199999999759
L2 : 2.8733379999999946
L3 : 1.1928860000000014
L4 : 1.5220839999999976
L5 : 0.24551900000000088
L6 : 1.6693669999999978
L7 : 3.2399589999999945
global step : 18.027971000000001
local step over 10 time steps =  133.483363
global step over 10 time steps =  196.91144500000004
local step : 12.175163999999999
L1 : 0.16330999999999779
L2 : 2.862985000000001
L3 : 1.1743939999999997
L4 : 1.5125639999999965
L5 : 0.24147400000000147
L6 : 1.6699140000000006
L7 : 3.2138400000000051
global step : 17.600541999999997
local step : 12.468573999999997
L1 : 0.1689689999999982
L2 : 2.9445440000000001
L3 : 1.2119220000000064
L4 : 1.5472969999999961
L5 : 0.24959100000000117
L6 : 1.7044849999999947
L7 : 3.2995610000000042
global step : 18.384047000000002
local step : 18.415211999999997
L1 : 0.27703200000000022
L2 : 4.5102370000000054
L3 : 1.787925000000004
L4 : 2.2019939999999996
L5 : 0.36096000000000211
L6 : 2.5979980000000022
L7 : 4.9953829999999932
global step : 29.257671000000002
local step : 14.378879999999999
L1 : 0.22448499999999769
L2 : 3.4533460000000105
L3 : 1.4194359999999959
L4 : 1.714346999999999
L5 : 0.28161500000000073
L6 : 2.0038020000000039
L7 : 3.7860060000000062
global step : 22.592759999999991
local step : 12.595883999999998
L1 : 0.17029699999999712
L2 : 3.0015759999999987
L3 : 1.2586900000000005
L4 : 1.5486980000000004
L5 : 0.24741300000000185
L6 : 1.7407230000000053
L7 : 3.2790740000000027
global step : 18.807127999999999
local step : 15.252569999999999
L1 : 0.25668299999999861
L2 : 3.6228789999999882
L3 : 1.4884700000000046
L4 : 1.8033849999999996
L5 : 0.32628400000000313
L6 : 2.0825319999999974
L7 : 4.1096380000000012
global step : 22.184343000000002
local step : 16.520054000000002
L1 : 0.26671699999999915
L2 : 3.9910129999999948
L3 : 1.658817000000004
L4 : 1.9468349999999994
L5 : 0.32244200000000173
L6 : 2.2676240000000001
L7 : 4.4202590000000033
global step : 25.745556000000001
local step : 16.667679999999997
L1 : 0.2976040000000017
L2 : 4.1114040000000101
L3 : 1.6046430000000023
L4 : 1.9564279999999992
L5 : 0.33440299999999984
L6 : 2.3066580000000023
L7 : 4.3760550000000045
global step : 27.32142
local step : 16.601873000000001
L1 : 0.28028300000000078
L2 : 3.9900940000000049
L3 : 1.6145090000000002
L4 : 1.9773009999999998
L5 : 0.32240900000000161
L6 : 2.3232469999999985
L7 : 4.4213780000000042
global step : 25.542159999999999
local step : 16.595698000000002
L1 : 0.27534399999999987
L2 : 4.0434729999999961
L3 : 1.6189010000000028
L4 : 1.9557330000000008
L5 : 0.33333100000000077
L6 : 2.2882040000000048
L7 : 4.4579449999999952
global step : 27.518639999999998
local step over 10 time steps =  151.67158900000001
global step over 10 time steps =  234.95426699999999
local step : 20.018031999999998
L1 : 0.38422900000000004
L2 : 4.9352910000000163
L3 : 1.9468560000000013
L4 : 2.2808380000000028
L5 : 0.38392700000000013
L6 : 2.775076000000003
L7 : 5.4930119999999958
global step : 32.181263999999999
