local step : 48.021044000000003
L1 : 0.18781199999999981
L2 : 37.676016000000011
L3 : 1.3512210000000036
L4 : 1.6918250000000008
L5 : 0.2764409999999991
L6 : 1.928254000000003
L7 : 3.1338509999999977
global step : 19.315756
local step : 49.216465000000014
L1 : 0.196718
L2 : 38.559871999999999
L3 : 1.3940069999999984
L4 : 1.7514929999999993
L5 : 0.28134000000000225
L6 : 1.9901649999999984
L7 : 3.2282909999999925
global step : 19.56738
local step : 50.328941000000007
L1 : 0.21167700000000036
L2 : 39.341032999999975
L3 : 1.4687419999999962
L4 : 1.7904700000000016
L5 : 0.2857899999999986
L6 : 2.0675399999999993
L7 : 3.3131619999999962
global step : 20.538800999999999
local step : 47.492530000000002
L1 : 0.18021699999999855
L2 : 37.266350999999872
L3 : 1.3306000000000024
L4 : 1.6893050000000018
L5 : 0.27318900000000168
L6 : 1.8906559999999994
L7 : 3.0975869999999985
global step : 19.020885000000003
local step : 48.815672000000006
L1 : 0.20291899999999952
L2 : 38.294549000000046
L3 : 1.3715189999999968
L4 : 1.7305760000000006
L5 : 0.27811600000000009
L6 : 1.9474809999999998
L7 : 3.200029999999995
global step : 19.779647000000001
local step : 46.635920999999989
L1 : 0.17717099999999689
L2 : 36.58188999999998
L3 : 1.3010960000000023
L4 : 1.643448000000002
L5 : 0.26787800000000184
L6 : 1.8548579999999986
L7 : 3.0783439999999982
global step : 18.513591999999999
local step : 44.032198000000008
L1 : 0.16841399999999673
L2 : 34.53548199999998
L3 : 1.2290129999999944
L4 : 1.5673949999999999
L5 : 0.25301000000000518
L6 : 1.7605319999999969
L7 : 2.8661100000000017
global step : 17.601518999999996
local step : 44.101547000000004
L1 : 0.17702999999999722
L2 : 34.59947599999996
L3 : 1.2319799999999976
L4 : 1.5460379999999951
L5 : 0.25429900000000438
L6 : 1.7600640000000025
L7 : 2.875546999999997
global step : 17.881219999999995
local step : 44.199759
L1 : 0.16758699999999752
L2 : 34.693758000000031
L3 : 1.2305709999999956
L4 : 1.5532189999999977
L5 : 0.25540900000000466
L6 : 1.764028999999997
L7 : 2.8667680000000022
global step : 17.942214
local step : 43.910322000000008
L1 : 0.16784399999999741
L2 : 34.435116999999998
L3 : 1.2218369999999958
L4 : 1.5533159999999946
L5 : 0.25418700000000499
L6 : 1.7808630000000045
L7 : 2.8545620000000089
global step : 17.554568999999997
local step over 10 time steps =  466.75439899999998
global step over 10 time steps =  187.71558299999998
local step : 44.340716999999998
L1 : 0.17206899999999731
L2 : 34.767503000000005
L3 : 1.2379989999999954
L4 : 1.5564969999999967
L5 : 0.25439700000000481
L6 : 1.7996080000000008
L7 : 2.9056500000000045
global step : 17.679131999999999
local step : 43.959232
L1 : 0.16634899999999725
L2 : 34.458736000000023
L3 : 1.2369039999999969
L4 : 1.5564030000000009
L5 : 0.25404300000000435
L6 : 1.7667069999999994
L7 : 2.870415000000007
global step : 17.684569999999997
local step : 44.141078999999998
L1 : 0.16786799999999744
L2 : 34.627535000000009
L3 : 1.2488529999999967
L4 : 1.5629639999999985
L5 : 0.25387600000000504
L6 : 1.7726189999999999
L7 : 2.8707430000000005
global step : 17.633317999999999
local step : 44.088708999999994
L1 : 0.16913699999999718
L2 : 34.546063000000032
L3 : 1.2376439999999942
L4 : 1.5460499999999953
L5 : 0.25330100000000511
L6 : 1.7645400000000004
L7 : 2.9147540000000025
global step : 17.720405000000003
local step : 44.194418999999989
L1 : 0.16932899999999731
L2 : 34.601179999999999
L3 : 1.258669000000002
L4 : 1.5742410000000073
L5 : 0.25352800000000458
L6 : 1.7977169999999987
L7 : 2.8951440000000059
global step : 17.673661000000003
local step : 44.070421000000003
L1 : 0.16855199999999709
L2 : 34.553022000000048
L3 : 1.2537119999999971
L4 : 1.5632159999999975
L5 : 0.25375000000000453
L6 : 1.7646229999999945
L7 : 2.8749769999999999
global step : 17.750457999999998
local step : 44.025440000000003
L1 : 0.16618599999999736
L2 : 34.529794999999943
L3 : 1.235333999999995
L4 : 1.5600719999999966
L5 : 0.25307000000000474
L6 : 1.762794999999999
L7 : 2.8762880000000082
global step : 17.68085
local step : 44.308709000000007
L1 : 0.16831899999999697
L2 : 34.694295999999959
L3 : 1.2635849999999984
L4 : 1.5915230000000002
L5 : 0.25523200000000473
L6 : 1.7952990000000029
L7 : 2.8835510000000038
global step : 17.750232999999998
local step : 44.273327999999992
L1 : 0.17048499999999744
L2 : 34.742419000000019
L3 : 1.2361379999999957
L4 : 1.5670749999999984
L5 : 0.25470000000000498
L6 : 1.7830940000000026
L7 : 2.8704889999999961
global step : 17.832042000000001
local step : 43.88199800000001
L1 : 0.16879799999999676
L2 : 34.44175000000002
L3 : 1.225018999999999
L4 : 1.5435729999999948
L5 : 0.25430900000000445
L6 : 1.7581830000000014
L7 : 2.8455280000000007
global step : 17.554175000000004
local step over 10 time steps =  441.28405199999997
global step over 10 time steps =  176.95884400000003
local step : 48.076086999999994
L1 : 0.20218000000000011
L2 : 37.645898000000059
L3 : 1.3611179999999976
L4 : 1.6869739999999978
L5 : 0.27351199999999981
L6 : 1.9632920000000011
L7 : 3.1439979999999981
global step : 19.050977
